0 info it worked if it ends with ok
1 verbose cli [ 'C:\\Program Files\\nodejs\\node.exe',
1 verbose cli   'C:\\Program Files\\nodejs\\node_modules\\npm\\bin\\npm-cli.js',
1 verbose cli   'install',
1 verbose cli   'angular2-jwt' ]
2 info using npm@2.15.9
3 info using node@v4.5.0
4 verbose install initial load of c:\ionic\orderForms\package.json
5 warn package.json orderforms@ No repository field.
6 warn package.json orderforms@ No README data
7 warn package.json orderforms@ No license field.
8 verbose installManyTop reading scoped package data from c:\ionic\orderForms\node_modules\del\package.json
9 verbose installManyTop reading scoped package data from c:\ionic\orderForms\node_modules\es6-module-loader\package.json
10 verbose installManyTop reading scoped package data from c:\ionic\orderForms\node_modules\es6-shim\package.json
11 verbose installManyTop reading scoped package data from c:\ionic\orderForms\node_modules\fontawesome\package.json
12 verbose installManyTop reading scoped package data from c:\ionic\orderForms\node_modules\gulp\package.json
13 verbose installManyTop reading scoped package data from c:\ionic\orderForms\node_modules\gulp-concat\package.json
14 verbose installManyTop reading scoped package data from c:\ionic\orderForms\node_modules\gulp-inline-ng2-template\package.json
15 verbose installManyTop reading scoped package data from c:\ionic\orderForms\node_modules\gulp-sourcemaps\package.json
16 verbose installManyTop reading scoped package data from c:\ionic\orderForms\node_modules\gulp-typescript\package.json
17 verbose installManyTop reading scoped package data from c:\ionic\orderForms\node_modules\gulp-uglify\package.json
18 verbose installManyTop reading scoped package data from c:\ionic\orderForms\node_modules\gulp-watch\package.json
19 verbose installManyTop reading scoped package data from c:\ionic\orderForms\node_modules\ionic-angular\package.json
20 verbose installManyTop reading scoped package data from c:\ionic\orderForms\node_modules\ionic-gulp-fonts-copy\package.json
21 verbose installManyTop reading scoped package data from c:\ionic\orderForms\node_modules\ionic-gulp-sass-build\package.json
22 verbose installManyTop reading scoped package data from c:\ionic\orderForms\node_modules\ionic-native\package.json
23 verbose installManyTop reading scoped package data from c:\ionic\orderForms\node_modules\ionicons\package.json
24 verbose installManyTop reading scoped package data from c:\ionic\orderForms\node_modules\lodash\package.json
25 verbose installManyTop reading scoped package data from c:\ionic\orderForms\node_modules\lodash.min\package.json
26 verbose installManyTop reading scoped package data from c:\ionic\orderForms\node_modules\mapbox.js\package.json
27 verbose installManyTop reading scoped package data from c:\ionic\orderForms\node_modules\moment\package.json
28 verbose installManyTop reading scoped package data from c:\ionic\orderForms\node_modules\reflect-metadata\package.json
29 verbose installManyTop reading scoped package data from c:\ionic\orderForms\node_modules\run-sequence\package.json
30 verbose installManyTop reading scoped package data from c:\ionic\orderForms\node_modules\rxjs\package.json
31 verbose installManyTop reading scoped package data from c:\ionic\orderForms\node_modules\systemjs\package.json
32 verbose installManyTop reading scoped package data from c:\ionic\orderForms\node_modules\systemjs-builder\package.json
33 verbose installManyTop reading scoped package data from c:\ionic\orderForms\node_modules\typescript\package.json
34 verbose installManyTop reading scoped package data from c:\ionic\orderForms\node_modules\typings\package.json
35 verbose installManyTop reading scoped package data from c:\ionic\orderForms\node_modules\zone.js\package.json
36 verbose installManyTop reading scoped package data from c:\ionic\orderForms\node_modules\@angular\common\package.json
37 verbose installManyTop reading scoped package data from c:\ionic\orderForms\node_modules\@angular\compiler\package.json
38 verbose installManyTop reading scoped package data from c:\ionic\orderForms\node_modules\@angular\core\package.json
39 verbose installManyTop reading scoped package data from c:\ionic\orderForms\node_modules\@angular\forms\package.json
40 verbose installManyTop reading scoped package data from c:\ionic\orderForms\node_modules\@angular\http\package.json
41 verbose installManyTop reading scoped package data from c:\ionic\orderForms\node_modules\@angular\platform-browser\package.json
42 verbose installManyTop reading scoped package data from c:\ionic\orderForms\node_modules\@angular\platform-browser-dynamic\package.json
43 verbose installManyTop reading scoped package data from c:\ionic\orderForms\node_modules\@angular\router\package.json
44 info package.json es6-module-loader@0.17.11 No license field.
45 info package.json ionic-gulp-fonts-copy@1.0.0 No repository field.
46 info package.json ionic-gulp-fonts-copy@1.0.0 No license field.
47 info package.json @angular/common@2.0.0-rc.4 No description
48 info package.json @angular/compiler@2.0.0-rc.4 No description
49 info package.json @angular/core@2.0.0-rc.4 No description
50 info package.json @angular/forms@0.2.0 No description
51 info package.json @angular/platform-browser-dynamic@2.0.0-rc.4 No description
52 info package.json @angular/platform-browser@2.0.0-rc.4 No description
53 info package.json @angular/router@3.0.0-beta.2 No description
54 info package.json @angular/router@3.0.0-beta.2 No README data
55 info package.json @angular/http@2.0.0-rc.4 No description
56 verbose readDependencies loading dependencies from c:\ionic\orderForms\package.json
57 silly cache add args [ 'angular2-jwt', null ]
58 verbose cache add spec angular2-jwt
59 silly cache add parsed spec Result {
59 silly cache add   raw: 'angular2-jwt',
59 silly cache add   scope: null,
59 silly cache add   name: 'angular2-jwt',
59 silly cache add   rawSpec: '',
59 silly cache add   spec: 'latest',
59 silly cache add   type: 'tag' }
60 silly addNamed angular2-jwt@latest
61 verbose addNamed "latest" is being treated as a dist-tag for angular2-jwt
62 info addNameTag [ 'angular2-jwt', 'latest' ]
63 silly mapToRegistry name angular2-jwt
64 silly mapToRegistry using default registry
65 silly mapToRegistry registry https://registry.npmjs.org/
66 silly mapToRegistry data Result {
66 silly mapToRegistry   raw: 'angular2-jwt',
66 silly mapToRegistry   scope: null,
66 silly mapToRegistry   name: 'angular2-jwt',
66 silly mapToRegistry   rawSpec: '',
66 silly mapToRegistry   spec: 'latest',
66 silly mapToRegistry   type: 'tag' }
67 silly mapToRegistry uri https://registry.npmjs.org/angular2-jwt
68 verbose addNameTag registry:https://registry.npmjs.org/angular2-jwt not in flight; fetching
69 verbose request uri https://registry.npmjs.org/angular2-jwt
70 verbose request no auth needed
71 info attempt registry request try #1 at 14:14:14
72 verbose request id ad4aa68c9719f7aa
73 http request GET https://registry.npmjs.org/angular2-jwt
74 http 200 https://registry.npmjs.org/angular2-jwt
75 verbose headers { server: 'CouchDB/1.5.0 (Erlang OTP/R16B03)',
75 verbose headers   etag: '"DGC56FOGOKI1844Q08T4NK87T"',
75 verbose headers   'content-type': 'application/json',
75 verbose headers   'content-encoding': 'gzip',
75 verbose headers   'cache-control': 'max-age=300',
75 verbose headers   'content-length': '9105',
75 verbose headers   'accept-ranges': 'bytes',
75 verbose headers   date: 'Wed, 14 Sep 2016 12:14:15 GMT',
75 verbose headers   via: '1.1 varnish',
75 verbose headers   age: '214',
75 verbose headers   connection: 'close',
75 verbose headers   'x-served-by': 'cache-fra1228-FRA',
75 verbose headers   'x-cache': 'HIT',
75 verbose headers   'x-cache-hits': '1',
75 verbose headers   'x-timer': 'S1473855255.343981,VS0,VE0',
75 verbose headers   vary: 'Accept-Encoding' }
76 silly get cb [ 200,
76 silly get   { server: 'CouchDB/1.5.0 (Erlang OTP/R16B03)',
76 silly get     etag: '"DGC56FOGOKI1844Q08T4NK87T"',
76 silly get     'content-type': 'application/json',
76 silly get     'content-encoding': 'gzip',
76 silly get     'cache-control': 'max-age=300',
76 silly get     'content-length': '9105',
76 silly get     'accept-ranges': 'bytes',
76 silly get     date: 'Wed, 14 Sep 2016 12:14:15 GMT',
76 silly get     via: '1.1 varnish',
76 silly get     age: '214',
76 silly get     connection: 'close',
76 silly get     'x-served-by': 'cache-fra1228-FRA',
76 silly get     'x-cache': 'HIT',
76 silly get     'x-cache-hits': '1',
76 silly get     'x-timer': 'S1473855255.343981,VS0,VE0',
76 silly get     vary: 'Accept-Encoding' } ]
77 verbose get saving angular2-jwt to C:\Users\berthsa\AppData\Roaming\npm-cache\registry.npmjs.org\angular2-jwt\.cache.json
78 verbose correctMkdir C:\Users\berthsa\AppData\Roaming\npm-cache correctMkdir not in flight; initializing
79 silly addNameTag next cb for angular2-jwt with tag latest
80 silly addNamed angular2-jwt@0.1.22
81 verbose addNamed "0.1.22" is a plain semver version for angular2-jwt
82 silly mapToRegistry name angular2-jwt
83 silly mapToRegistry using default registry
84 silly mapToRegistry registry https://registry.npmjs.org/
85 silly mapToRegistry data Result {
85 silly mapToRegistry   raw: 'angular2-jwt',
85 silly mapToRegistry   scope: null,
85 silly mapToRegistry   name: 'angular2-jwt',
85 silly mapToRegistry   rawSpec: '',
85 silly mapToRegistry   spec: 'latest',
85 silly mapToRegistry   type: 'tag' }
86 silly mapToRegistry uri https://registry.npmjs.org/angular2-jwt
87 verbose addRemoteTarball https://registry.npmjs.org/angular2-jwt/-/angular2-jwt-0.1.22.tgz not in flight; adding
88 verbose addRemoteTarball [ 'https://registry.npmjs.org/angular2-jwt/-/angular2-jwt-0.1.22.tgz',
88 verbose addRemoteTarball   'e0573ae4cc1806990e8fdb67facb5d18b647b13a' ]
89 info retry fetch attempt 1 at 14:14:15
90 info attempt registry request try #1 at 14:14:15
91 http fetch GET https://registry.npmjs.org/angular2-jwt/-/angular2-jwt-0.1.22.tgz
92 http fetch 200 https://registry.npmjs.org/angular2-jwt/-/angular2-jwt-0.1.22.tgz
93 silly fetchAndShaCheck shasum e0573ae4cc1806990e8fdb67facb5d18b647b13a
94 verbose addTmpTarball C:\Windows\temp\npm-22340-a99bb5c4\registry.npmjs.org\angular2-jwt\-\angular2-jwt-0.1.22.tgz not in flight; adding
95 verbose addTmpTarball already have metadata; skipping unpack for angular2-jwt@0.1.22
96 verbose correctMkdir C:\Users\berthsa\AppData\Roaming\npm-cache correctMkdir not in flight; initializing
97 silly cache afterAdd angular2-jwt@0.1.22
98 verbose afterAdd C:\Users\berthsa\AppData\Roaming\npm-cache\angular2-jwt\0.1.22\package\package.json not in flight; writing
99 verbose correctMkdir C:\Users\berthsa\AppData\Roaming\npm-cache correctMkdir not in flight; initializing
100 verbose afterAdd C:\Users\berthsa\AppData\Roaming\npm-cache\angular2-jwt\0.1.22\package\package.json written
101 silly install resolved [ { name: 'angular2-jwt',
101 silly install resolved     version: '0.1.22',
101 silly install resolved     description: 'Helper library for handling JWTs in Angular 2',
101 silly install resolved     repository:
101 silly install resolved      { type: 'git',
101 silly install resolved        url: 'git+https://github.com/auth0/angular2-jwt.git' },
101 silly install resolved     scripts:
101 silly install resolved      { dev: 'tsc --watch',
101 silly install resolved        test: 'karma start',
101 silly install resolved        prepublish: 'typings install && tsc' },
101 silly install resolved     keywords: [ 'angular', 'angular2', 'jwt', 'authentication' ],
101 silly install resolved     author: { name: 'ryanchenkie' },
101 silly install resolved     license: 'MIT',
101 silly install resolved     bugs: { url: 'https://github.com/auth0/angular2-jwt/issues' },
101 silly install resolved     main: 'angular2-jwt.js',
101 silly install resolved     typings: './angular2-jwt.d.ts',
101 silly install resolved     homepage: 'https://github.com/auth0/angular2-jwt#readme',
101 silly install resolved     devDependencies:
101 silly install resolved      { '@angular/common': '^2.0.0-rc.6',
101 silly install resolved        '@angular/core': '^2.0.0-rc.6',
101 silly install resolved        '@angular/http': '^2.0.0-rc.6',
101 silly install resolved        '@angular/platform-browser': '^2.0.0-rc.6',
101 silly install resolved        'awesome-typescript-loader': '^0.17.0',
101 silly install resolved        'core-js': '^2.3.0',
101 silly install resolved        'es6-shim': '^0.35.0',
101 silly install resolved        'jasmine-core': '^2.4.1',
101 silly install resolved        karma: '^0.13.22',
101 silly install resolved        'karma-chrome-launcher': '^0.2.3',
101 silly install resolved        'karma-jasmine': '^0.3.8',
101 silly install resolved        'karma-phantomjs-launcher': '^1.0.0',
101 silly install resolved        'karma-sourcemap-loader': '^0.3.7',
101 silly install resolved        'karma-webpack': '^1.7.0',
101 silly install resolved        'phantomjs-prebuilt': '^2.1.7',
101 silly install resolved        'reflect-metadata': '0.1.2',
101 silly install resolved        rxjs: '5.0.0-beta.11',
101 silly install resolved        typescript: '^2.0.2',
101 silly install resolved        typings: '^0.7.12',
101 silly install resolved        webpack: '^1.13.0',
101 silly install resolved        'zone.js': '~0.6.12' },
101 silly install resolved     peerDependencies:
101 silly install resolved      { '@angular/core': '^2.0.0-rc.6',
101 silly install resolved        '@angular/http': '^2.0.0-rc.6',
101 silly install resolved        rxjs: '5.0.0-beta.11' },
101 silly install resolved     dependencies: { atob: '^2.0.3' },
101 silly install resolved     gitHead: '8eb6204d5391f2bdf35041b57cf5b8e0c68fbbf4',
101 silly install resolved     _id: 'angular2-jwt@0.1.22',
101 silly install resolved     _shasum: 'e0573ae4cc1806990e8fdb67facb5d18b647b13a',
101 silly install resolved     _from: 'angular2-jwt@latest',
101 silly install resolved     _npmVersion: '3.9.2',
101 silly install resolved     _nodeVersion: '4.4.3',
101 silly install resolved     _npmUser: { name: 'ryanchenkie', email: 'ryanchenkie@gmail.com' },
101 silly install resolved     dist:
101 silly install resolved      { shasum: 'e0573ae4cc1806990e8fdb67facb5d18b647b13a',
101 silly install resolved        tarball: 'https://registry.npmjs.org/angular2-jwt/-/angular2-jwt-0.1.22.tgz' },
101 silly install resolved     maintainers: [ [Object] ],
101 silly install resolved     _npmOperationalInternal:
101 silly install resolved      { host: 'packages-12-west.internal.npmjs.com',
101 silly install resolved        tmp: 'tmp/angular2-jwt-0.1.22.tgz_1473428527539_0.882347890175879' },
101 silly install resolved     directories: {},
101 silly install resolved     _resolved: 'https://registry.npmjs.org/angular2-jwt/-/angular2-jwt-0.1.22.tgz' } ]
102 info install angular2-jwt@0.1.22 into c:\ionic\orderForms
103 info installOne angular2-jwt@0.1.22
104 verbose installOne of angular2-jwt to c:\ionic\orderForms not in flight; installing
105 verbose correctMkdir C:\Users\berthsa\AppData\Roaming\npm-cache\_locks correctMkdir not in flight; initializing
106 verbose lock using C:\Users\berthsa\AppData\Roaming\npm-cache\_locks\angular2-jwt-869e414c50e5a669.lock for c:\ionic\orderForms\node_modules\angular2-jwt
107 silly install write writing angular2-jwt 0.1.22 to c:\ionic\orderForms\node_modules\angular2-jwt
108 verbose unbuild node_modules\angular2-jwt
109 silly gentlyRm c:\ionic\orderForms\node_modules\angular2-jwt is being purged from base c:\ionic\orderForms
110 verbose gentlyRm don't care about contents; nuking c:\ionic\orderForms\node_modules\angular2-jwt
111 verbose tar unpack C:\Users\berthsa\AppData\Roaming\npm-cache\angular2-jwt\0.1.22\package.tgz
112 verbose tar unpacking to c:\ionic\orderForms\node_modules\angular2-jwt
113 silly gentlyRm c:\ionic\orderForms\node_modules\angular2-jwt is being purged
114 verbose gentlyRm don't care about contents; nuking c:\ionic\orderForms\node_modules\angular2-jwt
115 silly gunzTarPerm modes [ '777', '666' ]
116 silly gunzTarPerm extractEntry package.json
117 silly gunzTarPerm modified mode [ 'package.json', 420, 438 ]
118 silly gunzTarPerm extractEntry .npmignore
119 silly gunzTarPerm modified mode [ '.npmignore', 420, 438 ]
120 silly gunzTarPerm extractEntry README.md
121 silly gunzTarPerm modified mode [ 'README.md', 420, 438 ]
122 silly gunzTarPerm extractEntry LICENSE
123 silly gunzTarPerm modified mode [ 'LICENSE', 420, 438 ]
124 silly gunzTarPerm extractEntry angular2-jwt.js
125 silly gunzTarPerm modified mode [ 'angular2-jwt.js', 420, 438 ]
126 silly gunzTarPerm extractEntry angular2-jwt.spec.js
127 silly gunzTarPerm modified mode [ 'angular2-jwt.spec.js', 420, 438 ]
128 silly gunzTarPerm extractEntry karma.conf.js
129 silly gunzTarPerm modified mode [ 'karma.conf.js', 420, 438 ]
130 silly gunzTarPerm extractEntry angular2-jwt.spec.js.map
131 silly gunzTarPerm modified mode [ 'angular2-jwt.spec.js.map', 420, 438 ]
132 silly gunzTarPerm extractEntry angular2-jwt.d.ts
133 silly gunzTarPerm modified mode [ 'angular2-jwt.d.ts', 420, 438 ]
134 silly gunzTarPerm extractEntry angular2-jwt.spec.ts
135 silly gunzTarPerm modified mode [ 'angular2-jwt.spec.ts', 420, 438 ]
136 silly gunzTarPerm extractEntry angular2-jwt.ts
137 silly gunzTarPerm modified mode [ 'angular2-jwt.ts', 420, 438 ]
138 silly gunzTarPerm extractEntry custom.d.ts
139 silly gunzTarPerm modified mode [ 'custom.d.ts', 420, 438 ]
140 silly gunzTarPerm extractEntry angular2-jwt.js.map
141 silly gunzTarPerm modified mode [ 'angular2-jwt.js.map', 420, 438 ]
142 silly gunzTarPerm extractEntry typings/browser/ambient/es6-shim/index.d.ts
143 silly gunzTarPerm modified mode [ 'typings/browser/ambient/es6-shim/index.d.ts', 420, 438 ]
144 silly gunzTarPerm extractEntry typings/browser/ambient/jasmine/index.d.ts
145 silly gunzTarPerm modified mode [ 'typings/browser/ambient/jasmine/index.d.ts', 420, 438 ]
146 silly gunzTarPerm extractEntry typings/browser.d.ts
147 silly gunzTarPerm modified mode [ 'typings/browser.d.ts', 420, 438 ]
148 silly gunzTarPerm extractEntry typings/main/ambient/es6-shim/index.d.ts
149 silly gunzTarPerm modified mode [ 'typings/main/ambient/es6-shim/index.d.ts', 420, 438 ]
150 silly gunzTarPerm extractEntry typings/main/ambient/jasmine/index.d.ts
151 silly gunzTarPerm modified mode [ 'typings/main/ambient/jasmine/index.d.ts', 420, 438 ]
152 silly gunzTarPerm extractEntry typings/main.d.ts
153 silly gunzTarPerm modified mode [ 'typings/main.d.ts', 420, 438 ]
154 silly gunzTarPerm extractEntry angular2-jwt.spec.d.ts
155 silly gunzTarPerm modified mode [ 'angular2-jwt.spec.d.ts', 420, 438 ]
156 silly gunzTarPerm extractEntry tsconfig.json
157 silly gunzTarPerm modified mode [ 'tsconfig.json', 420, 438 ]
158 silly gunzTarPerm extractEntry typings.json
159 silly gunzTarPerm modified mode [ 'typings.json', 420, 438 ]
160 verbose write writing to c:\ionic\orderForms\node_modules\angular2-jwt\package.json
161 info preinstall angular2-jwt@0.1.22
162 verbose readDependencies loading dependencies from c:\ionic\orderForms\node_modules\angular2-jwt\package.json
163 silly prepareForInstallMany adding atob@^2.0.3 from angular2-jwt dependencies
164 silly prepareForInstallMany adding @angular/core@^2.0.0-rc.6 from angular2-jwt peerDependencies
165 silly prepareForInstallMany adding @angular/http@^2.0.0-rc.6 from angular2-jwt peerDependencies
166 silly prepareForInstallMany adding rxjs@5.0.0-beta.11 from angular2-jwt peerDependencies
167 warn peerDependencies The peer dependency @angular/core@^2.0.0-rc.6 included from angular2-jwt will no
168 warn peerDependencies longer be automatically installed to fulfill the peerDependency
169 warn peerDependencies in npm 3+. Your application will need to depend on it explicitly.
170 warn peerDependencies The peer dependency @angular/http@^2.0.0-rc.6 included from angular2-jwt will no
171 warn peerDependencies longer be automatically installed to fulfill the peerDependency
172 warn peerDependencies in npm 3+. Your application will need to depend on it explicitly.
173 warn peerDependencies The peer dependency rxjs@5.0.0-beta.11 included from angular2-jwt will no
174 warn peerDependencies longer be automatically installed to fulfill the peerDependency
175 warn peerDependencies in npm 3+. Your application will need to depend on it explicitly.
176 verbose readDependencies loading dependencies from c:\ionic\orderForms\node_modules\angular2-jwt\package.json
177 silly cache add args [ 'atob@^2.0.3', null ]
178 verbose cache add spec atob@^2.0.3
179 silly cache add parsed spec Result {
179 silly cache add   raw: 'atob@^2.0.3',
179 silly cache add   scope: null,
179 silly cache add   name: 'atob',
179 silly cache add   rawSpec: '^2.0.3',
179 silly cache add   spec: '>=2.0.3 <3.0.0',
179 silly cache add   type: 'range' }
180 silly addNamed atob@>=2.0.3 <3.0.0
181 verbose addNamed ">=2.0.3 <3.0.0" is a valid semver range for atob
182 silly addNameRange { name: 'atob', range: '>=2.0.3 <3.0.0', hasData: false }
183 silly mapToRegistry name atob
184 silly mapToRegistry using default registry
185 silly mapToRegistry registry https://registry.npmjs.org/
186 silly mapToRegistry data Result {
186 silly mapToRegistry   raw: 'atob',
186 silly mapToRegistry   scope: null,
186 silly mapToRegistry   name: 'atob',
186 silly mapToRegistry   rawSpec: '',
186 silly mapToRegistry   spec: 'latest',
186 silly mapToRegistry   type: 'tag' }
187 silly mapToRegistry uri https://registry.npmjs.org/atob
188 verbose addNameRange registry:https://registry.npmjs.org/atob not in flight; fetching
189 verbose request uri https://registry.npmjs.org/atob
190 verbose request no auth needed
191 info attempt registry request try #1 at 14:14:15
192 http request GET https://registry.npmjs.org/atob
193 http 200 https://registry.npmjs.org/atob
194 verbose headers { server: 'CouchDB/1.5.0 (Erlang OTP/R16B03)',
194 verbose headers   etag: '"BYBXHEIG84UE7XP4HC81XSK1I"',
194 verbose headers   'content-type': 'application/json',
194 verbose headers   'content-encoding': 'gzip',
194 verbose headers   'cache-control': 'max-age=300',
194 verbose headers   'content-length': '2376',
194 verbose headers   'accept-ranges': 'bytes',
194 verbose headers   date: 'Wed, 14 Sep 2016 12:14:15 GMT',
194 verbose headers   via: '1.1 varnish',
194 verbose headers   age: '29',
194 verbose headers   connection: 'close',
194 verbose headers   'x-served-by': 'cache-fra1244-FRA',
194 verbose headers   'x-cache': 'HIT',
194 verbose headers   'x-cache-hits': '1',
194 verbose headers   'x-timer': 'S1473855255.631210,VS0,VE0',
194 verbose headers   vary: 'Accept-Encoding' }
195 silly get cb [ 200,
195 silly get   { server: 'CouchDB/1.5.0 (Erlang OTP/R16B03)',
195 silly get     etag: '"BYBXHEIG84UE7XP4HC81XSK1I"',
195 silly get     'content-type': 'application/json',
195 silly get     'content-encoding': 'gzip',
195 silly get     'cache-control': 'max-age=300',
195 silly get     'content-length': '2376',
195 silly get     'accept-ranges': 'bytes',
195 silly get     date: 'Wed, 14 Sep 2016 12:14:15 GMT',
195 silly get     via: '1.1 varnish',
195 silly get     age: '29',
195 silly get     connection: 'close',
195 silly get     'x-served-by': 'cache-fra1244-FRA',
195 silly get     'x-cache': 'HIT',
195 silly get     'x-cache-hits': '1',
195 silly get     'x-timer': 'S1473855255.631210,VS0,VE0',
195 silly get     vary: 'Accept-Encoding' } ]
196 verbose get saving atob to C:\Users\berthsa\AppData\Roaming\npm-cache\registry.npmjs.org\atob\.cache.json
197 verbose correctMkdir C:\Users\berthsa\AppData\Roaming\npm-cache correctMkdir not in flight; initializing
198 silly addNameRange number 2 { name: 'atob', range: '>=2.0.3 <3.0.0', hasData: true }
199 silly addNameRange versions [ 'atob',
199 silly addNameRange   [ '1.0.0',
199 silly addNameRange     '1.0.1',
199 silly addNameRange     '1.1.0',
199 silly addNameRange     '1.1.2',
199 silly addNameRange     '1.1.3',
199 silly addNameRange     '2.0.0',
199 silly addNameRange     '2.0.2',
199 silly addNameRange     '2.0.3' ] ]
200 silly addNamed atob@2.0.3
201 verbose addNamed "2.0.3" is a plain semver version for atob
202 silly mapToRegistry name atob
203 silly mapToRegistry using default registry
204 silly mapToRegistry registry https://registry.npmjs.org/
205 silly mapToRegistry data Result {
205 silly mapToRegistry   raw: 'atob',
205 silly mapToRegistry   scope: null,
205 silly mapToRegistry   name: 'atob',
205 silly mapToRegistry   rawSpec: '',
205 silly mapToRegistry   spec: 'latest',
205 silly mapToRegistry   type: 'tag' }
206 silly mapToRegistry uri https://registry.npmjs.org/atob
207 verbose addRemoteTarball https://registry.npmjs.org/atob/-/atob-2.0.3.tgz not in flight; adding
208 verbose addRemoteTarball [ 'https://registry.npmjs.org/atob/-/atob-2.0.3.tgz',
208 verbose addRemoteTarball   '19c7a760473774468f20b2d2d03372ad7d4cbf5d' ]
209 info retry fetch attempt 1 at 14:14:15
210 info attempt registry request try #1 at 14:14:15
211 http fetch GET https://registry.npmjs.org/atob/-/atob-2.0.3.tgz
212 http fetch 200 https://registry.npmjs.org/atob/-/atob-2.0.3.tgz
213 silly fetchAndShaCheck shasum 19c7a760473774468f20b2d2d03372ad7d4cbf5d
214 verbose addTmpTarball C:\Windows\temp\npm-22340-a99bb5c4\registry.npmjs.org\atob\-\atob-2.0.3.tgz not in flight; adding
215 verbose addTmpTarball already have metadata; skipping unpack for atob@2.0.3
216 verbose correctMkdir C:\Users\berthsa\AppData\Roaming\npm-cache correctMkdir not in flight; initializing
217 silly cache afterAdd atob@2.0.3
218 verbose afterAdd C:\Users\berthsa\AppData\Roaming\npm-cache\atob\2.0.3\package\package.json not in flight; writing
219 verbose correctMkdir C:\Users\berthsa\AppData\Roaming\npm-cache correctMkdir not in flight; initializing
220 verbose afterAdd C:\Users\berthsa\AppData\Roaming\npm-cache\atob\2.0.3\package\package.json written
221 silly install resolved [ { name: 'atob',
221 silly install resolved     homepage: 'https://github.com/coolaj86/node-browser-compat',
221 silly install resolved     description: 'atob for Node.JS and Linux / Mac / Windows CLI (it\'s a one-liner)',
221 silly install resolved     repository:
221 silly install resolved      { type: 'git',
221 silly install resolved        url: 'git://github.com/coolaj86/node-browser-compat/atob.git' },
221 silly install resolved     keywords: [ 'atob', 'browser' ],
221 silly install resolved     author:
221 silly install resolved      { name: 'AJ ONeal',
221 silly install resolved        email: 'coolaj86@gmail.com',
221 silly install resolved        url: 'https://coolaj86.com' },
221 silly install resolved     engines: { node: '>= 0.4.0' },
221 silly install resolved     main: 'node-atob.js',
221 silly install resolved     browser: 'browser-atob.js',
221 silly install resolved     bin: { atob: 'bin/atob.js' },
221 silly install resolved     license: '(MIT OR Apache-2.0)',
221 silly install resolved     version: '2.0.3',
221 silly install resolved     gitHead: '599c6330b95c2b560d0034d83ef8adcf08e748b5',
221 silly install resolved     _id: 'atob@2.0.3',
221 silly install resolved     scripts: {},
221 silly install resolved     _shasum: '19c7a760473774468f20b2d2d03372ad7d4cbf5d',
221 silly install resolved     _from: 'atob@>=2.0.3 <3.0.0',
221 silly install resolved     _npmVersion: '2.14.12',
221 silly install resolved     _nodeVersion: '4.3.2',
221 silly install resolved     _npmUser: { name: 'coolaj86', email: 'coolaj86@gmail.com' },
221 silly install resolved     maintainers: [ [Object] ],
221 silly install resolved     dist:
221 silly install resolved      { shasum: '19c7a760473774468f20b2d2d03372ad7d4cbf5d',
221 silly install resolved        tarball: 'https://registry.npmjs.org/atob/-/atob-2.0.3.tgz' },
221 silly install resolved     _npmOperationalInternal:
221 silly install resolved      { host: 'packages-16-east.internal.npmjs.com',
221 silly install resolved        tmp: 'tmp/atob-2.0.3.tgz_1460237387910_0.37753291241824627' },
221 silly install resolved     directories: {},
221 silly install resolved     _resolved: 'https://registry.npmjs.org/atob/-/atob-2.0.3.tgz' } ]
222 info install atob@2.0.3 into c:\ionic\orderForms\node_modules\angular2-jwt
223 info installOne atob@2.0.3
224 verbose installOne of atob to c:\ionic\orderForms\node_modules\angular2-jwt not in flight; installing
225 verbose correctMkdir C:\Users\berthsa\AppData\Roaming\npm-cache\_locks correctMkdir not in flight; initializing
226 verbose lock using C:\Users\berthsa\AppData\Roaming\npm-cache\_locks\atob-1f7a4a57a02c4e3d.lock for c:\ionic\orderForms\node_modules\angular2-jwt\node_modules\atob
227 silly install write writing atob 2.0.3 to c:\ionic\orderForms\node_modules\angular2-jwt\node_modules\atob
228 verbose unbuild node_modules\angular2-jwt\node_modules\atob
229 silly gentlyRm c:\ionic\orderForms\node_modules\angular2-jwt\node_modules\atob is being purged from base c:\ionic\orderForms
230 verbose gentlyRm don't care about contents; nuking c:\ionic\orderForms\node_modules\angular2-jwt\node_modules\atob
231 verbose tar unpack C:\Users\berthsa\AppData\Roaming\npm-cache\atob\2.0.3\package.tgz
232 verbose tar unpacking to c:\ionic\orderForms\node_modules\angular2-jwt\node_modules\atob
233 silly gentlyRm c:\ionic\orderForms\node_modules\angular2-jwt\node_modules\atob is being purged
234 verbose gentlyRm don't care about contents; nuking c:\ionic\orderForms\node_modules\angular2-jwt\node_modules\atob
235 silly gunzTarPerm modes [ '777', '666' ]
236 silly gunzTarPerm extractEntry package.json
237 silly gunzTarPerm modified mode [ 'package.json', 420, 438 ]
238 silly gunzTarPerm extractEntry README.md
239 silly gunzTarPerm modified mode [ 'README.md', 420, 438 ]
240 silly gunzTarPerm extractEntry LICENSE
241 silly gunzTarPerm modified mode [ 'LICENSE', 420, 438 ]
242 silly gunzTarPerm extractEntry browser-atob.js
243 silly gunzTarPerm modified mode [ 'browser-atob.js', 420, 438 ]
244 silly gunzTarPerm extractEntry node-atob.js
245 silly gunzTarPerm modified mode [ 'node-atob.js', 420, 438 ]
246 silly gunzTarPerm extractEntry test.js
247 silly gunzTarPerm modified mode [ 'test.js', 420, 438 ]
248 silly gunzTarPerm extractEntry LICENSE.DOCS
249 silly gunzTarPerm modified mode [ 'LICENSE.DOCS', 420, 438 ]
250 silly gunzTarPerm extractEntry bin/atob.js
251 silly gunzTarPerm modified mode [ 'bin/atob.js', 420, 438 ]
252 silly gunzTarPerm extractEntry bower.json
253 silly gunzTarPerm modified mode [ 'bower.json', 420, 438 ]
254 verbose write writing to c:\ionic\orderForms\node_modules\angular2-jwt\node_modules\atob\package.json
255 info preinstall atob@2.0.3
256 verbose readDependencies loading dependencies from c:\ionic\orderForms\node_modules\angular2-jwt\node_modules\atob\package.json
257 verbose readDependencies loading dependencies from c:\ionic\orderForms\node_modules\angular2-jwt\node_modules\atob\package.json
258 silly install resolved []
259 verbose about to build c:\ionic\orderForms\node_modules\angular2-jwt\node_modules\atob
260 info build c:\ionic\orderForms\node_modules\angular2-jwt\node_modules\atob
261 info linkStuff atob@2.0.3
262 silly linkStuff atob@2.0.3 has c:\ionic\orderForms\node_modules\angular2-jwt\node_modules as its parent node_modules
263 verbose linkBins atob@2.0.3
264 verbose link bins [ { atob: 'bin/atob.js' },
264 verbose link bins   'c:\\ionic\\orderForms\\node_modules\\angular2-jwt\\node_modules\\.bin',
264 verbose link bins   false ]
265 verbose linkMans atob@2.0.3
266 verbose rebuildBundles atob@2.0.3
267 info install atob@2.0.3
268 info postinstall atob@2.0.3
269 verbose unlock done using C:\Users\berthsa\AppData\Roaming\npm-cache\_locks\atob-1f7a4a57a02c4e3d.lock for c:\ionic\orderForms\node_modules\angular2-jwt\node_modules\atob
270 verbose about to build c:\ionic\orderForms\node_modules\angular2-jwt
271 info build c:\ionic\orderForms\node_modules\angular2-jwt
272 info linkStuff angular2-jwt@0.1.22
273 silly linkStuff angular2-jwt@0.1.22 has c:\ionic\orderForms\node_modules as its parent node_modules
274 verbose linkBins angular2-jwt@0.1.22
275 verbose linkMans angular2-jwt@0.1.22
276 verbose rebuildBundles angular2-jwt@0.1.22
277 verbose rebuildBundles [ '.bin', 'atob' ]
278 info install angular2-jwt@0.1.22
279 info postinstall angular2-jwt@0.1.22
280 verbose readDependencies loading dependencies from c:\ionic\orderForms\package.json
281 verbose targetResolver reading package data from c:\ionic\orderForms\node_modules\angular2-jwt\package.json
282 verbose targetResolver reading package data from c:\ionic\orderForms\node_modules\del\package.json
283 verbose targetResolver reading package data from c:\ionic\orderForms\node_modules\es6-module-loader\package.json
284 verbose targetResolver reading package data from c:\ionic\orderForms\node_modules\es6-shim\package.json
285 verbose targetResolver reading package data from c:\ionic\orderForms\node_modules\fontawesome\package.json
286 verbose targetResolver reading package data from c:\ionic\orderForms\node_modules\gulp\package.json
287 verbose targetResolver reading package data from c:\ionic\orderForms\node_modules\gulp-concat\package.json
288 verbose targetResolver reading package data from c:\ionic\orderForms\node_modules\gulp-inline-ng2-template\package.json
289 verbose targetResolver reading package data from c:\ionic\orderForms\node_modules\gulp-sourcemaps\package.json
290 verbose targetResolver reading package data from c:\ionic\orderForms\node_modules\gulp-typescript\package.json
291 verbose targetResolver reading package data from c:\ionic\orderForms\node_modules\gulp-uglify\package.json
292 verbose targetResolver reading package data from c:\ionic\orderForms\node_modules\gulp-watch\package.json
293 verbose targetResolver reading package data from c:\ionic\orderForms\node_modules\ionic-angular\package.json
294 verbose targetResolver reading package data from c:\ionic\orderForms\node_modules\ionic-gulp-fonts-copy\package.json
295 verbose targetResolver reading package data from c:\ionic\orderForms\node_modules\ionic-gulp-sass-build\package.json
296 verbose targetResolver reading package data from c:\ionic\orderForms\node_modules\ionic-native\package.json
297 verbose targetResolver reading package data from c:\ionic\orderForms\node_modules\ionicons\package.json
298 verbose targetResolver reading package data from c:\ionic\orderForms\node_modules\lodash\package.json
299 verbose targetResolver reading package data from c:\ionic\orderForms\node_modules\lodash.min\package.json
300 verbose targetResolver reading package data from c:\ionic\orderForms\node_modules\mapbox.js\package.json
301 verbose targetResolver reading package data from c:\ionic\orderForms\node_modules\moment\package.json
302 verbose targetResolver reading package data from c:\ionic\orderForms\node_modules\reflect-metadata\package.json
303 verbose targetResolver reading package data from c:\ionic\orderForms\node_modules\run-sequence\package.json
304 verbose targetResolver reading package data from c:\ionic\orderForms\node_modules\rxjs\package.json
305 verbose targetResolver reading package data from c:\ionic\orderForms\node_modules\systemjs\package.json
306 verbose targetResolver reading package data from c:\ionic\orderForms\node_modules\systemjs-builder\package.json
307 verbose targetResolver reading package data from c:\ionic\orderForms\node_modules\typescript\package.json
308 verbose targetResolver reading package data from c:\ionic\orderForms\node_modules\typings\package.json
309 verbose targetResolver reading package data from c:\ionic\orderForms\node_modules\zone.js\package.json
310 verbose targetResolver reading package data from c:\ionic\orderForms\node_modules\@angular\common\package.json
311 verbose targetResolver reading package data from c:\ionic\orderForms\node_modules\@angular\compiler\package.json
312 verbose targetResolver reading package data from c:\ionic\orderForms\node_modules\@angular\core\package.json
313 verbose targetResolver reading package data from c:\ionic\orderForms\node_modules\@angular\forms\package.json
314 verbose targetResolver reading package data from c:\ionic\orderForms\node_modules\@angular\http\package.json
315 verbose targetResolver reading package data from c:\ionic\orderForms\node_modules\@angular\platform-browser\package.json
316 verbose targetResolver reading package data from c:\ionic\orderForms\node_modules\@angular\platform-browser-dynamic\package.json
317 verbose targetResolver reading package data from c:\ionic\orderForms\node_modules\@angular\router\package.json
318 verbose targetResolver reading package data from c:\ionic\orderForms\node_modules\.bin\gulp\package.json
319 verbose targetResolver reading package data from c:\ionic\orderForms\node_modules\.bin\gulp.cmd\package.json
320 verbose targetResolver reading package data from c:\ionic\orderForms\node_modules\.bin\tsc\package.json
321 verbose targetResolver reading package data from c:\ionic\orderForms\node_modules\.bin\tsc.cmd\package.json
322 verbose targetResolver reading package data from c:\ionic\orderForms\node_modules\.bin\tsserver\package.json
323 verbose targetResolver reading package data from c:\ionic\orderForms\node_modules\.bin\tsserver.cmd\package.json
324 verbose targetResolver reading package data from c:\ionic\orderForms\node_modules\.bin\typings\package.json
325 verbose targetResolver reading package data from c:\ionic\orderForms\node_modules\.bin\typings.cmd\package.json
326 verbose already installed skipping @angular/http@^2.0.0-rc.6 c:\ionic\orderForms
327 verbose already installed skipping rxjs@5.0.0-beta.11 c:\ionic\orderForms
328 verbose already installed skipping @angular/core@^2.0.0-rc.6 c:\ionic\orderForms
329 silly install resolved []
330 verbose unlock done using C:\Users\berthsa\AppData\Roaming\npm-cache\_locks\angular2-jwt-869e414c50e5a669.lock for c:\ionic\orderForms\node_modules\angular2-jwt
331 verbose validateInstall loading c:\ionic\orderForms\package.json for validation
332 verbose stack Error: The package @angular/core@2.0.0-rc.4 does not satisfy its siblings' peerDependencies requirements!
332 verbose stack     at C:\Program Files\nodejs\node_modules\npm\lib\install.js:125:32
332 verbose stack     at C:\Program Files\nodejs\node_modules\npm\lib\install.js:268:7
332 verbose stack     at C:\Program Files\nodejs\node_modules\npm\node_modules\read-installed\read-installed.js:142:5
332 verbose stack     at C:\Program Files\nodejs\node_modules\npm\node_modules\read-installed\read-installed.js:263:14
332 verbose stack     at cb (C:\Program Files\nodejs\node_modules\npm\node_modules\slide\lib\async-map.js:47:24)
332 verbose stack     at C:\Program Files\nodejs\node_modules\npm\node_modules\read-installed\read-installed.js:263:14
332 verbose stack     at cb (C:\Program Files\nodejs\node_modules\npm\node_modules\slide\lib\async-map.js:47:24)
332 verbose stack     at C:\Program Files\nodejs\node_modules\npm\node_modules\read-installed\read-installed.js:263:14
332 verbose stack     at cb (C:\Program Files\nodejs\node_modules\npm\node_modules\slide\lib\async-map.js:47:24)
332 verbose stack     at C:\Program Files\nodejs\node_modules\npm\node_modules\read-installed\read-installed.js:263:14
333 verbose cwd c:\ionic\orderForms
334 error Windows_NT 6.1.7601
335 error argv "C:\\Program Files\\nodejs\\node.exe" "C:\\Program Files\\nodejs\\node_modules\\npm\\bin\\npm-cli.js" "install" "angular2-jwt"
336 error node v4.5.0
337 error npm  v2.15.9
338 error code EPEERINVALID
339 error peerinvalid The package @angular/core@2.0.0-rc.4 does not satisfy its siblings' peerDependencies requirements!
339 error peerinvalid Peer @angular/common@2.0.0-rc.4 wants @angular/core@^2.0.0-rc.4
339 error peerinvalid Peer @angular/compiler@2.0.0-rc.4 wants @angular/core@^2.0.0-rc.4
339 error peerinvalid Peer @angular/forms@0.2.0 wants @angular/core@^2.0.0-rc.4
339 error peerinvalid Peer @angular/http@2.0.0-rc.4 wants @angular/core@^2.0.0-rc.4
339 error peerinvalid Peer @angular/platform-browser@2.0.0-rc.4 wants @angular/core@^2.0.0-rc.4
339 error peerinvalid Peer @angular/platform-browser-dynamic@2.0.0-rc.4 wants @angular/core@^2.0.0-rc.4
339 error peerinvalid Peer ionic-angular@2.0.0-beta.11 wants @angular/core@2.0.0-rc.4
339 error peerinvalid Peer @angular/router@3.0.0-beta.2 wants @angular/core@^2.0.0-rc.4
339 error peerinvalid Peer angular2-jwt@0.1.22 wants @angular/core@^2.0.0-rc.6
340 verbose exit [ 1, true ]
